<?xml version="1.0" encoding="UTF-8"?>
<!-- Generated by org.testng.reporters.JUnitReportReporter -->
<testsuite hostname="Aravindpragada" failures="0" tests="4" name="com.parabank.tests.PremiumCalculationTests" time="21.858" errors="0" timestamp="2025-09-08T15:01:03 IST" skipped="0">
  <testcase classname="com.parabank.tests.PremiumCalculationTests" name="validatePremium" time="6.291"/>
  <testcase classname="com.parabank.tests.PremiumCalculationTests" name="validatePremium" time="4.705"/>
  <testcase classname="com.parabank.tests.PremiumCalculationTests" name="validatePremium" time="6.184"/>
  <testcase classname="com.parabank.tests.PremiumCalculationTests" name="validatePremium" time="4.678"/>
</testsuite> <!-- com.parabank.tests.PremiumCalculationTests -->
