<?xml version="1.0" encoding="UTF-8"?>
<!-- Generated by org.testng.reporters.JUnitReportReporter -->
<testsuite hostname="Aravindpragada" failures="0" tests="2" name="com.parabank.tests.LoginTests" time="37.595" errors="0" timestamp="2025-09-08T15:01:03 IST" skipped="0">
  <testcase classname="com.parabank.tests.LoginTests" name="validLogin" time="12.475"/>
  <testcase classname="com.parabank.tests.LoginTests" name="invalidLogin" time="25.120"/>
</testsuite> <!-- com.parabank.tests.LoginTests -->
