<?xml version="1.0" encoding="UTF-8"?>
<!-- Generated by org.testng.reporters.JUnitReportReporter -->
<testsuite hostname="Aravindpragada" failures="0" tests="1" name="com.parabank.tests.PaymentGatewayTests" time="58.626" errors="0" timestamp="2025-09-08T15:01:03 IST" skipped="0">
  <testcase classname="com.parabank.tests.PaymentGatewayTests" name="failedPayment" time="58.626"/>
</testsuite> <!-- com.parabank.tests.PaymentGatewayTests -->
