<?xml version="1.0" encoding="UTF-8"?>
<!-- Generated by org.testng.reporters.JUnitReportReporter -->
<testsuite hostname="Aravindpragada" failures="0" tests="2" name="com.parabank.tests.PolicyCreationTests" time="42.098" errors="0" timestamp="2025-09-08T15:01:03 IST" skipped="0">
  <testcase classname="com.parabank.tests.PolicyCreationTests" name="createPolicy" time="19.846"/>
  <testcase classname="com.parabank.tests.PolicyCreationTests" name="createPolicy" time="22.252"/>
</testsuite> <!-- com.parabank.tests.PolicyCreationTests -->
